<?xml version="1.0" encoding="UTF-8"?>
<testsuite name="TestCalculateur" tests="7" skipped="0" failures="0" errors="0" timestamp="2022-04-14T12:17:52" hostname="DESKTOP-CJQRTO0" time="0.024">
  <properties/>
  <testcase name="Test mÃ©thode soustraire" classname="TestCalculateur" time="0.012"/>
  <testcase name="Test mÃ©thode additionner" classname="TestCalculateur" time="0.001"/>
  <testcase name="repetition 1 of 3" classname="TestCalculateur" time="0.001"/>
  <testcase name="repetition 2 of 3" classname="TestCalculateur" time="0.0"/>
  <testcase name="repetition 3 of 3" classname="TestCalculateur" time="0.0"/>
  <testcase name="Test mÃ©thode multiplier" classname="TestCalculateur" time="0.0"/>
  <testcase name="Test mÃ©thode diviser" classname="TestCalculateur" time="0.0"/>
  <system-out><![CDATA[]]></system-out>
  <system-err><![CDATA[]]></system-err>
</testsuite>
